This is pdfTeX, Version 3.14159265-2.6-1.40.19 (MiKTeX 2.9.6630 64-bit) (preloaded format=pdflatex 2018.9.6)  19 DEC 2018 15:41
entering extended mode
**./UNBThesis2.tex
(UNBThesis2.tex
LaTeX2e <2017-04-15>
Babel <3.18> and hyphenation patterns for 75 language(s) loaded.
(unbthesis.cls
Document Class: unbthesis 2005/11/10 v1.0 UNB LaTex Thesis class
(D:\Programs\tex\latex\base\report.cls
Document Class: report 2014/09/29 v1.4h Standard LaTeX document class
(D:\Programs\tex\latex\base\size12.clo
File: size12.clo 2014/09/29 v1.4h Standard LaTeX file (size option)
)
\c@part=\count79
\c@chapter=\count80
\c@section=\count81
\c@subsection=\count82
\c@subsubsection=\count83
\c@paragraph=\count84
\c@subparagraph=\count85
\c@figure=\count86
\c@table=\count87
\abovecaptionskip=\skip41
\belowcaptionskip=\skip42
\bibindent=\dimen102
)
(D:\Programs\tex\latex\amsmath\amsmath.sty
Package: amsmath 2017/09/02 v2.17a AMS math features
\@mathmargin=\skip43

For additional information on amsmath, use the `?' option.
(D:\Programs\tex\latex\amsmath\amstext.sty
Package: amstext 2000/06/29 v2.01 AMS text

(D:\Programs\tex\latex\amsmath\amsgen.sty
File: amsgen.sty 1999/11/30 v2.0 generic functions
\@emptytoks=\toks14
\ex@=\dimen103
))
(D:\Programs\tex\latex\amsmath\amsbsy.sty
Package: amsbsy 1999/11/29 v1.2d Bold Symbols
\pmbraise@=\dimen104
)
(D:\Programs\tex\latex\amsmath\amsopn.sty
Package: amsopn 2016/03/08 v2.02 operator names
)
\inf@bad=\count88
LaTeX Info: Redefining \frac on input line 213.
\uproot@=\count89
\leftroot@=\count90
LaTeX Info: Redefining \overline on input line 375.
\classnum@=\count91
\DOTSCASE@=\count92
LaTeX Info: Redefining \ldots on input line 472.
LaTeX Info: Redefining \dots on input line 475.
LaTeX Info: Redefining \cdots on input line 596.
\Mathstrutbox@=\box26
\strutbox@=\box27
\big@size=\dimen105
LaTeX Font Info:    Redeclaring font encoding OML on input line 712.
LaTeX Font Info:    Redeclaring font encoding OMS on input line 713.
\macc@depth=\count93
\c@MaxMatrixCols=\count94
\dotsspace@=\muskip10
\c@parentequation=\count95
\dspbrk@lvl=\count96
\tag@help=\toks15
\row@=\count97
\column@=\count98
\maxfields@=\count99
\andhelp@=\toks16
\eqnshift@=\dimen106
\alignsep@=\dimen107
\tagshift@=\dimen108
\tagwidth@=\dimen109
\totwidth@=\dimen110
\lineht@=\dimen111
\@envbody=\toks17
\multlinegap=\skip44
\multlinetaggap=\skip45
\mathdisplay@stack=\toks18
LaTeX Info: Redefining \[ on input line 2817.
LaTeX Info: Redefining \] on input line 2818.
)
(D:\Programs\tex\latex\amscls\amsthm.sty
Package: amsthm 2017/10/31 v2.20.4
\thm@style=\toks19
\thm@bodyfont=\toks20
\thm@headfont=\toks21
\thm@notefont=\toks22
\thm@headpunct=\toks23
\thm@preskip=\skip46
\thm@postskip=\skip47
\thm@headsep=\skip48
\dth@everypar=\toks24
)
(D:\Programs\tex\latex\amsfonts\amssymb.sty
Package: amssymb 2013/01/14 v3.01 AMS font symbols

(D:\Programs\tex\latex\amsfonts\amsfonts.sty
Package: amsfonts 2013/01/14 v3.01 Basic AMSFonts support
\symAMSa=\mathgroup4
\symAMSb=\mathgroup5
LaTeX Font Info:    Overwriting math alphabet `\mathfrak' in version `bold'
(Font)                  U/euf/m/n --> U/euf/b/n on input line 106.
))
(D:\Programs\tex\latex\setspace\setspace.sty
Package: setspace 2011/12/19 v6.7a set line spacing
))
(D:\Programs\tex\latex\graphics\graphicx.sty
Package: graphicx 2017/06/01 v1.1a Enhanced LaTeX Graphics (DPC,SPQR)

(D:\Programs\tex\latex\graphics\keyval.sty
Package: keyval 2014/10/28 v1.15 key=value parser (DPC)
\KV@toks@=\toks25
)
(D:\Programs\tex\latex\graphics\graphics.sty
Package: graphics 2017/06/25 v1.2c Standard LaTeX Graphics (DPC,SPQR)

(D:\Programs\tex\latex\graphics\trig.sty
Package: trig 2016/01/03 v1.10 sin cos tan (DPC)
)
(D:\Programs\tex\latex\graphics-cfg\graphics.cfg
File: graphics.cfg 2016/06/04 v1.11 sample graphics configuration
)
Package graphics Info: Driver file: pdftex.def on input line 99.

(D:\Programs\tex\latex\graphics-def\pdftex.def
File: pdftex.def 2018/01/08 v1.0l Graphics/color driver for pdftex
))
\Gin@req@height=\dimen112
\Gin@req@width=\dimen113
)
(D:\Programs\tex\latex\subfig\subfig.sty
Package: subfig 2005/06/28 ver: 1.3 subfig package

(D:\Programs\tex\latex\caption\caption.sty
Package: caption 2018/10/06 v3.3-154 Customizing captions (AR)

(D:\Programs\tex\latex\caption\caption3.sty
Package: caption3 2018/09/12 v1.8c caption3 kernel (AR)
Package caption3 Info: TeX engine: e-TeX on input line 64.
\captionmargin=\dimen114
\captionmargin@=\dimen115
\captionwidth=\dimen116
\caption@tempdima=\dimen117
\caption@indent=\dimen118
\caption@parindent=\dimen119
\caption@hangindent=\dimen120
)
\c@caption@flags=\count100
\c@ContinuedFloat=\count101
)
\c@KVtest=\count102
\sf@farskip=\skip49
\sf@captopadj=\dimen121
\sf@capskip=\skip50
\sf@nearskip=\skip51
\c@subfigure=\count103
\c@subfigure@save=\count104
\c@lofdepth=\count105
\c@subtable=\count106
\c@subtable@save=\count107
\c@lotdepth=\count108
\sf@top=\skip52
\sf@bottom=\skip53
)
(D:\Programs\tex\latex\tocloft\tocloft.sty
Package: tocloft 2017/08/31 v2.3i parameterised ToC, etc., typesetting
Package tocloft Info: The document has chapter divisions on input line 51.
\cftparskip=\skip54
\cftbeforetoctitleskip=\skip55
\cftaftertoctitleskip=\skip56
\cftbeforepartskip=\skip57
\cftpartnumwidth=\skip58
\cftpartindent=\skip59
\cftbeforechapskip=\skip60
\cftchapindent=\skip61
\cftchapnumwidth=\skip62
\cftbeforesecskip=\skip63
\cftsecindent=\skip64
\cftsecnumwidth=\skip65
\cftbeforesubsecskip=\skip66
\cftsubsecindent=\skip67
\cftsubsecnumwidth=\skip68
\cftbeforesubsubsecskip=\skip69
\cftsubsubsecindent=\skip70
\cftsubsubsecnumwidth=\skip71
\cftbeforeparaskip=\skip72
\cftparaindent=\skip73
\cftparanumwidth=\skip74
\cftbeforesubparaskip=\skip75
\cftsubparaindent=\skip76
\cftsubparanumwidth=\skip77
\cftbeforeloftitleskip=\skip78
\cftafterloftitleskip=\skip79
\cftbeforefigskip=\skip80
\cftfigindent=\skip81
\cftfignumwidth=\skip82
\cftbeforelottitleskip=\skip83
\cftafterlottitleskip=\skip84
\cftbeforetabskip=\skip85
\cfttabindent=\skip86
\cfttabnumwidth=\skip87
\cftbeforesubfigskip=\skip88
\cftsubfigindent=\skip89
\cftsubfignumwidth=\skip90
\cftbeforesubtabskip=\skip91
\cftsubtabindent=\skip92
\cftsubtabnumwidth=\skip93
)
(D:\Programs\tex\latex\fancyhdr\fancyhdr.sty
Package: fancyhdr 2017/06/30 v3.9a Extensive control of page headers and footer
s
\f@nch@headwidth=\skip94
\f@nch@O@elh=\skip95
\f@nch@O@erh=\skip96
\f@nch@O@olh=\skip97
\f@nch@O@orh=\skip98
\f@nch@O@elf=\skip99
\f@nch@O@erf=\skip100
\f@nch@O@olf=\skip101
\f@nch@O@orf=\skip102
)
(D:\Programs\tex\generic\babel\babel.sty
Package: babel 2018/02/14 3.18 The Babel package

(D:\Programs\tex\generic\babel\switch.def
File: switch.def 2018/02/14 3.18 Babel switching mechanism
)
*************************************
* Local config file bblopts.cfg used
*
(D:\Programs\tex\latex\arabi\bblopts.cfg
File: bblopts.cfg 2005/09/08 v0.1 add Arabic and Farsi to "declared" options of
 babel
)
(D:\Programs\tex\latex\babel-english\english.ldf
Language: english 2017/06/06 v3.3r English support from the babel system

(D:\Programs\tex\generic\babel\babel.def
File: babel.def 2018/02/14 3.18 Babel common definitions
\babel@savecnt=\count109
\U@D=\dimen122

(D:\Programs\tex\generic\babel\txtbabel.def)
\bbl@dirlevel=\count110
)
\l@canadian = a dialect from \language\l@american 
\l@australian = a dialect from \language\l@british 
\l@newzealand = a dialect from \language\l@british 
))
(D:\Programs\tex\latex\footmisc\footmisc.sty
Package: footmisc 2011/06/06 v5.5b a miscellany of footnote facilities
\FN@temptoken=\toks26
\footnotemargin=\dimen123
\c@pp@next@reset=\count111
Package footmisc Info: Declaring symbol style bringhurst on input line 855.
Package footmisc Info: Declaring symbol style chicago on input line 863.
Package footmisc Info: Declaring symbol style wiley on input line 872.
Package footmisc Info: Declaring symbol style lamport-robust on input line 883.

Package footmisc Info: Declaring symbol style lamport* on input line 903.
Package footmisc Info: Declaring symbol style lamport*-robust on input line 924
.
)
(D:\Programs\tex\latex\algorithms\algorithmic.sty
Package: algorithmic 2009/08/24 v0.1 Document Style `algorithmic'

(D:\Programs\tex\latex\base\ifthen.sty
Package: ifthen 2014/09/29 v1.1c Standard LaTeX ifthen package (DPC)
)
\c@ALC@unique=\count112
\c@ALC@line=\count113
\c@ALC@rem=\count114
\c@ALC@depth=\count115
\ALC@tlm=\skip103
\algorithmicindent=\skip104
)
(D:\Programs\tex\latex\listings\listings.sty
\lst@mode=\count116
\lst@gtempboxa=\box28
\lst@token=\toks27
\lst@length=\count117
\lst@currlwidth=\dimen124
\lst@column=\count118
\lst@pos=\count119
\lst@lostspace=\dimen125
\lst@width=\dimen126
\lst@newlines=\count120
\lst@lineno=\count121
\lst@maxwidth=\dimen127

(D:\Programs\tex\latex\listings\lstmisc.sty
File: lstmisc.sty 2018/09/02 1.7 (Carsten Heinz)
\c@lstnumber=\count122
\lst@skipnumbers=\count123
\lst@framebox=\box29
)
(D:\Programs\tex\latex\listings\listings.cfg
File: listings.cfg 2018/09/02 1.7 listings configuration
))
Package: listings 2018/09/02 1.7 (Carsten Heinz)

(D:\Programs\tex\latex\fancyvrb\fancyvrb.sty
Package: fancyvrb 2018/11/01

Style option: `fancyvrb' v3.0 <2018/11/01> (tvz)
(D:\Programs\tex\latex\xcolor\xcolor.sty
Package: xcolor 2016/05/11 v2.12 LaTeX color extensions (UK)

(D:\Programs\tex\latex\graphics-cfg\color.cfg
File: color.cfg 2016/01/02 v1.6 sample color configuration
)
Package xcolor Info: Driver file: pdftex.def on input line 225.
Package xcolor Info: Model `cmy' substituted by `cmy0' on input line 1348.
Package xcolor Info: Model `hsb' substituted by `rgb' on input line 1352.
Package xcolor Info: Model `RGB' extended on input line 1364.
Package xcolor Info: Model `HTML' substituted by `rgb' on input line 1366.
Package xcolor Info: Model `Hsb' substituted by `hsb' on input line 1367.
Package xcolor Info: Model `tHsb' substituted by `hsb' on input line 1368.
Package xcolor Info: Model `HSB' substituted by `hsb' on input line 1369.
Package xcolor Info: Model `Gray' substituted by `gray' on input line 1370.
Package xcolor Info: Model `wave' substituted by `hsb' on input line 1371.
)
\FV@CodeLineNo=\count124
\FV@InFile=\read1
\FV@TabBox=\box30
\c@FancyVerbLine=\count125
\FV@StepNumber=\count126
\FV@OutFile=\write3
)
(D:\Programs\tex\latex\tools\longtable.sty
Package: longtable 2014/10/28 v4.11 Multi-page Table package (DPC)
\LTleft=\skip105
\LTright=\skip106
\LTpre=\skip107
\LTpost=\skip108
\LTchunksize=\count127
\LTcapwidth=\dimen128
\LT@head=\box31
\LT@firsthead=\box32
\LT@foot=\box33
\LT@lastfoot=\box34
\LT@cols=\count128
\LT@rows=\count129
\c@LT@tables=\count130
\c@LT@chunks=\count131
\LT@p@ftn=\toks28
) (UNBThesis2.aux (abstract.aux)
(chapter1.aux) (chapter2.aux) (chapter3.aux) (chapter4.aux) (chapter5.aux)
(appendices2.aux))
\openout1 = `UNBThesis2.aux'.

LaTeX Font Info:    Checking defaults for OML/cmm/m/it on input line 20.
LaTeX Font Info:    ... okay on input line 20.
LaTeX Font Info:    Checking defaults for T1/cmr/m/n on input line 20.
LaTeX Font Info:    ... okay on input line 20.
LaTeX Font Info:    Checking defaults for OT1/cmr/m/n on input line 20.
LaTeX Font Info:    ... okay on input line 20.
LaTeX Font Info:    Checking defaults for OMS/cmsy/m/n on input line 20.
LaTeX Font Info:    ... okay on input line 20.
LaTeX Font Info:    Checking defaults for OMX/cmex/m/n on input line 20.
LaTeX Font Info:    ... okay on input line 20.
LaTeX Font Info:    Checking defaults for U/cmr/m/n on input line 20.
LaTeX Font Info:    ... okay on input line 20.
 (D:\Programs\tex\context\base\supp-pdf.mkii
[Loading MPS to PDF converter (version 2006.09.02).]
\scratchcounter=\count132
\scratchdimen=\dimen129
\scratchbox=\box35
\nofMPsegments=\count133
\nofMParguments=\count134
\everyMPshowfont=\toks29
\MPscratchCnt=\count135
\MPscratchDim=\dimen130
\MPnumerator=\count136
\makeMPintoPDFobject=\count137
\everyMPtoPDFconversion=\toks30
) (D:\Programs\tex\latex\oberdiek\epstopdf-base.sty
Package: epstopdf-base 2016/05/15 v2.6 Base part for package epstopdf

(D:\Programs\tex\generic\oberdiek\infwarerr.sty
Package: infwarerr 2016/05/16 v1.4 Providing info/warning/error messages (HO)
)
(D:\Programs\tex\latex\oberdiek\grfext.sty
Package: grfext 2016/05/16 v1.2 Manage graphics extensions (HO)

(D:\Programs\tex\generic\oberdiek\kvdefinekeys.sty
Package: kvdefinekeys 2016/05/16 v1.4 Define keys (HO)

(D:\Programs\tex\generic\oberdiek\ltxcmds.sty
Package: ltxcmds 2016/05/16 v1.23 LaTeX kernel commands for general use (HO)
)))
(D:\Programs\tex\latex\oberdiek\kvoptions.sty
Package: kvoptions 2016/05/16 v3.12 Key value format for package options (HO)

(D:\Programs\tex\generic\oberdiek\kvsetkeys.sty
Package: kvsetkeys 2016/05/16 v1.17 Key value parser (HO)

(D:\Programs\tex\generic\oberdiek\etexcmds.sty
Package: etexcmds 2016/05/16 v1.6 Avoid name clashes with e-TeX commands (HO)

(D:\Programs\tex\generic\oberdiek\ifluatex.sty
Package: ifluatex 2016/05/16 v1.4 Provides the ifluatex switch (HO)
Package ifluatex Info: LuaTeX not detected.
)
Package etexcmds Info: Could not find \expanded.
(etexcmds)             That can mean that you are not using pdfTeX 1.50 or
(etexcmds)             that some package has redefined \expanded.
(etexcmds)             In the latter case, load this package earlier.
)))
(D:\Programs\tex\generic\oberdiek\pdftexcmds.sty
Package: pdftexcmds 2018/01/21 v0.26 Utility functions of pdfTeX for LuaTeX (HO
)

(D:\Programs\tex\generic\oberdiek\ifpdf.sty
Package: ifpdf 2017/03/15 v3.2 Provides the ifpdf switch
)
Package pdftexcmds Info: LuaTeX not detected.
Package pdftexcmds Info: \pdf@primitive is available.
Package pdftexcmds Info: \pdf@ifprimitive is available.
Package pdftexcmds Info: \pdfdraftmode found.
)
Package epstopdf-base Info: Redefining graphics rule for `.eps' on input line 4
38.
Package grfext Info: Graphics extension search list:
(grfext)             [.pdf,.png,.jpg,.mps,.jpeg,.jbig2,.jb2,.PDF,.PNG,.JPG,.JPE
G,.JBIG2,.JB2,.eps]
(grfext)             \AppendGraphicsExtensions on input line 456.
)
Package caption Info: Begin \AtBeginDocument code.
Package caption Info: subfig package v1.3 is loaded.
Package caption Info: listings package is loaded.
Package caption Info: longtable package is loaded.

(D:\Programs\tex\latex\caption\ltcaption.sty
Package: ltcaption 2018/08/26 v1.4-95 longtable captions (AR)
)
Package caption Info: End \AtBeginDocument code.
\c@lstlisting=\count138

! Undefined control sequence.
\unbtitlepage ...normalsize \bfseries \@predegree 
                                                  \\ \vskip 2em \normalfont ...
l.21 	\unbtitlepage
                   
The control sequence at the end of the top line
of your error message was never \def'ed. If you have
misspelled it (e.g., `\hobx'), type `I' and the correct
spelling (e.g., `I\hbox'). Otherwise just continue,
and I'll forget about whatever was undefined.


! LaTeX Error: There's no line here to end.

See the LaTeX manual or LaTeX Companion for explanation.
Type  H <return>  for immediate help.
 ...                                              
                                                  
l.21 	\unbtitlepage
                   
Your command was ignored.
Type  I <command> <return>  to replace it with another command,
or  <return>  to continue without it.

! Undefined control sequence.
\unbtitlepage ...lfont \normalsize \gaunote \@gau 
                                                  \vskip 1em \end {center} \...
l.21 	\unbtitlepage
                   
The control sequence at the end of the top line
of your error message was never \def'ed. If you have
misspelled it (e.g., `\hobx'), type `I' and the correct
spelling (e.g., `I\hbox'). Otherwise just continue,
and I'll forget about whatever was undefined.

LaTeX Font Info:    Try loading font information for U+msa on input line 21.
(D:\Programs\tex\latex\amsfonts\umsa.fd
File: umsa.fd 2013/01/14 v3.01 AMS symbols A
)
LaTeX Font Info:    Try loading font information for U+msb on input line 21.

(D:\Programs\tex\latex\amsfonts\umsb.fd
File: umsb.fd 2013/01/14 v3.01 AMS symbols B
)
! Undefined control sequence.
\unbtitlepage ...\ Examining Board: & \@examboard 
                                                  \\ External Examiner: & \@...
l.21 	\unbtitlepage
                   
The control sequence at the end of the top line
of your error message was never \def'ed. If you have
misspelled it (e.g., `\hobx'), type `I' and the correct
spelling (e.g., `I\hbox'). Otherwise just continue,
and I'll forget about whatever was undefined.

! Undefined control sequence.
\unbtitlepage ...ernal Examiner: & \@externalexam 
                                                  \end {tabular} \end {table...
l.21 	\unbtitlepage
                   
The control sequence at the end of the top line
of your error message was never \def'ed. If you have
misspelled it (e.g., `\hobx'), type `I' and the correct
spelling (e.g., `I\hbox'). Otherwise just continue,
and I'll forget about whatever was undefined.


Overfull \hbox (36.4556pt too wide) in paragraph at lines 21--21
[][] 
 []

LaTeX Font Info:    Try loading font information for OMS+cmr on input line 21.
(D:\Programs\tex\latex\base\omscmr.fd
File: omscmr.fd 2014/09/29 v2.5h Standard LaTeX font definitions
)
LaTeX Font Info:    Font shape `OMS/cmr/m/n' in size <12> not available
(Font)              Font shape `OMS/cmsy/m/n' tried instead on input line 21.
 [1

{C:/Users/Clocknight/AppData/Local/MiKTeX/2.9/pdftex/config/pdftex.map}]
\openout2 = `abstract.aux'.

 (abstract.tex) [1


] (UNBThesis2.toc)
\tf@toc=\write4
\openout4 = `UNBThesis2.toc'.


(UNBThesis2.lot [2

])
\tf@lot=\write5
\openout5 = `UNBThesis2.lot'.

 (UNBThesis2.lof [3])
\tf@lof=\write6
\openout6 = `UNBThesis2.lof'.

 [1]
\openout2 = `chapter1.aux'.

 (chapter1.tex
Chapter 1.
[2


]) [3]
\openout2 = `chapter2.aux'.

 (chapter2.tex
Chapter 2.
[4



]
Overfull \hbox (96.5605pt too wide) in paragraph at lines 8--59
[]  
 []

[5]
Overfull \vbox (50.43906pt too high) has occurred while \output is active []


[6]
! Undefined control sequence.
l.62 ...le was hard coded into R; the website \url
                                                  {https://www.hockey-refere...
The control sequence at the end of the top line
of your error message was never \def'ed. If you have
misspelled it (e.g., `\hobx'), type `I' and the correct
spelling (e.g., `I\hbox'). Otherwise just continue,
and I'll forget about whatever was undefined.

) [7]
\openout2 = `chapter3.aux'.

 (chapter3.tex
Chapter 3.
[8



] [9] [10]) [11] [12]
\openout2 = `chapter4.aux'.

 (chapter4.tex
Chapter 4.
[13



]
Underfull \vbox (badness 10000) detected at line 34
 []

[14]

Package caption Warning: \captionsetup{type*=...} or \captionof
(caption)                outside box or environment on input line 48.
See the caption package documentation for explanation.


Underfull \hbox (badness 10000) in paragraph at lines 49--49

 []


Underfull \vbox (badness 10000) detected at line 76
 []

[15] [16]
<AICPredictionError.png, id=78, 428.35031pt x 380.17032pt>
File: AICPredictionError.png Graphic file (type png)
<use AICPredictionError.png>
Package pdftex.def Info: AICPredictionError.png  used on input line 96.
(pdftex.def)             Requested size: 272.99881pt x 242.293pt.
<pvalueerror.png, id=79, 428.35031pt x 380.17032pt>
File: pvalueerror.png Graphic file (type png)
<use pvalueerror.png>
Package pdftex.def Info: pvalueerror.png  used on input line 102.
(pdftex.def)             Requested size: 272.99881pt x 242.293pt.
 [17] [18 <./AICPredictionError.png> <./pvalueerror.png>] [19]
[20]
<RidgeTrace.png, id=94, 428.35031pt x 380.17032pt>
File: RidgeTrace.png Graphic file (type png)
<use RidgeTrace.png>
Package pdftex.def Info: RidgeTrace.png  used on input line 114.
(pdftex.def)             Requested size: 272.99881pt x 242.293pt.
 [21 <./RidgeTrace.png>]
Underfull \vbox (badness 10000) detected at line 143
 []

[22]
<RidgePredictionError.png, id=103, 428.35031pt x 380.17032pt>
File: RidgePredictionError.png Graphic file (type png)
<use RidgePredictionError.png>
Package pdftex.def Info: RidgePredictionError.png  used on input line 162.
(pdftex.def)             Requested size: 272.99881pt x 242.293pt.
 [23] [24 <./RidgePredictionError.png>] [25]
Underfull \vbox (badness 10000) detected at line 195
 []

[26]) [27]
\openout2 = `chapter5.aux'.

 (chapter5.tex
Chapter 5.
Missing character: There is no Ã in font cmr12!
Missing character: There is no ¯ in font cmr12!
) [28



] [29] (UNBThesis2.bbl
Underfull \hbox (badness 10000) in paragraph at lines 9--10
[]\OT1/cmr/m/n/12 Drew Hynes, nhlapi, Jan-uary 9,2018,
 []


Overfull \hbox (62.18837pt too wide) in paragraph at lines 11--12
[]\OT1/cmr/m/n/12 Micah Blake Mc-Curdy,Hockey Viz 2018,http://hockeyviz.com/txt
/preview1819,2018-
 []


Underfull \hbox (badness 7151) in paragraph at lines 15--16
[]\OT1/cmr/m/n/12 NHL Stand-ings Pre-dic-tions: Off-sea-son Edi-tion,Larry Fish
er ,
 []


Underfull \hbox (badness 3375) in paragraph at lines 17--18
[]\OT1/cmr/m/n/12 The Mag-nus Pre-dic-tion Mod-els,Estimating In-di-vid-ual Im-
pact on
 []


Underfull \hbox (badness 3386) in paragraph at lines 17--18
\OT1/cmr/m/n/12 NHL 5v5 Shot Rates, Septem-ber 24, 2018, Micah Blake Mc-
 []

[30


]
Overfull \hbox (17.78604pt too wide) in paragraph at lines 27--28
[]\OT1/cmr/m/n/12 Statistics So-lu-tions 2018,https://www.statisticssolutions.c
om/assumptions-
 []


Overfull \hbox (16.95967pt too wide) in paragraph at lines 29--30
[]\OT1/cmr/m/n/12 Top 10 Ma-chine Learn-ing Algorithms,https://www.dezyre.com/a
rticle/top-
 []


Overfull \hbox (17.78604pt too wide) in paragraph at lines 33--34
[]\OT1/cmr/m/n/12 Statistics So-lu-tions 2018,https://www.statisticssolutions.c
om/assumptions-
 []

) [31]
\openout2 = `appendices2.aux'.

 (appendices2.tex (D:\Programs\tex\latex\listings\lstlang1.sty
File: lstlang1.sty 2018/09/02 1.7 listings language file
)
(D:\Programs\tex\latex\listings\lstlang2.sty
File: lstlang2.sty 2018/09/02 1.7 listings language file
)
(D:\Programs\tex\latex\listings\lstlang3.sty
File: lstlang3.sty 2018/09/02 1.7 listings language file
)
LaTeX Font Info:    Try loading font information for OML+cmr on input line 6.

(D:\Programs\tex\latex\base\omlcmr.fd
File: omlcmr.fd 2014/09/29 v2.5h Standard LaTeX font definitions
)
LaTeX Font Info:    Font shape `OML/cmr/bx/n' in size <12> not available
(Font)              Font shape `OML/cmm/b/it' tried instead on input line 6.
Missing character: There is no Â in font cmtt10!
Missing character: There is no © in font cmtt10!

Overfull \hbox (662.00986pt too wide) in paragraph at lines 155--155
[]\OT1/cmtt/m/n/10.95 [1] "NHL and the NHL Shield are registered trademarks of 
the National Hockey League. NHL and NHL team marks are the property of the NHL 
and its teams.  NHL 2018. All Rights Reserved."[] 
 []

[32

] [33] [34] [35] [36] [37] [38] [39] [40] [41]
<"Heat Map".png, id=167, 428.35031pt x 380.17032pt>
File: "Heat Map".png Graphic file (type png)
<use "Heat Map".png>
Package pdftex.def Info: "Heat Map".png  used on input line 226.
(pdftex.def)             Requested size: 272.99881pt x 242.293pt.

Underfull \vbox (badness 10000) detected at line 256
 []

[42 <./Heat Map.png>] [43] [44]
Overfull \hbox (961.51941pt too wide) in paragraph at lines 491--491
[]\OT1/cmtt/m/n/6 Dataset <- cbind(wins,losses ,ot , pts , ptPctg ,goalsPerGame
 , goalsAgainstPerGame ,evGAARatio ,powerPlayPercentage , powerPlayGoals ,power
PlayGoalsAgainst , powerPlayOpportunities ,penaltyKillPercentage ,shotsPerGame 
,shotsAllowed ,winScoreFirst ,winOppScoreFirst ,winLeadFirstPer ,winLeadSecondP
er ,winOutshootOpp ,winOutshotByOpp ,faceOffsTaken , faceOffsWon ,faceOffsLost 
,faceOffWinPercentage ,shootingPctg ,savePctg )[] 
 []

[45] [46]
Overfull \hbox (974.26959pt too wide) in paragraph at lines 491--491
[]\OT1/cmtt/m/n/6 TrainingSet <- cbind(wins,losses ,ot , pts , ptPctg ,goalsPer
Game , goalsAgainstPerGame ,evGAARatio ,powerPlayPercentage , powerPlayGoals ,p
owerPlayGoalsAgainst , powerPlayOpportunities ,penaltyKillPercentage ,shotsPerG
ame ,shotsAllowed ,winScoreFirst ,winOppScoreFirst ,winLeadFirstPer ,winLeadSec
ondPer ,winOutshootOpp ,winOutshotByOpp ,faceOffsTaken , faceOffsWon ,faceOffsL
ost ,faceOffWinPercentage ,shootingPctg ,savePctg )[] 
 []

[47]
Overfull \hbox (1388.65054pt too wide) in paragraph at lines 491--491
[]\OT1/cmtt/m/n/6 madePlayoffs <- c(1,1,0,1,0,1,1,1,1,0,0,1,1,1,0,0,0,0,1,1,1,1
,1,1,0,0,1,0,0,1,1,0,0,0,0,0,1,1,0,0,0,0,1,0,1,0,1,0,0,0,0,0,0,0,0,1,1,1,1,1,1,
1,1,1,0,1,0,0,1,0,0,0,0,1,0,0,0,1,0,0,1,1,0,0,0,0,1,0,1,0,1,1,1,1,1,1,1,1,0,0,0
,0,0,0,0,0,0,1,0,0,0,0,1,0,0,1,0,0,0,1,1,1,1,0,1,0,1,0,0,0,0,1,1,1,1,1,1,1,1,0,
1,1,0,1,1,0,1,1,1,0,1,1,1,1,1,1,0,1,0,0,0,0,0,0,0,0,0,0,1,1,0,1,1,0,1,1,1,1,1,1
,1,0,1,0,1,0,1,0,1,1,1,1,1,1,1,0,1,0,1,1,1,1,1,1,1,1,1,1,1,1,1,1,1,0,1,1,0,1,0,
0,1,1,1,1,1,0,0,0,1,0,1,1,1,0,0,0,0,0,0,0,0,0,1,0,1,1,1,1,0,1,0,0,1,1,1,1,1,0,1
,1,1,0,0,0,0,0,0,1,0,0)[] 
 []

[48]
<AIC1.png, id=193, 428.35031pt x 380.17032pt>
File: AIC1.png Graphic file (type png)
<use AIC1.png>
Package pdftex.def Info: AIC1.png  used on input line 496.
(pdftex.def)             Requested size: 272.99881pt x 242.293pt.
<AIC2.png, id=194, 428.35031pt x 380.17032pt>
File: AIC2.png Graphic file (type png)
<use AIC2.png>
Package pdftex.def Info: AIC2.png  used on input line 502.
(pdftex.def)             Requested size: 272.99881pt x 242.293pt.
<AIC3.png, id=195, 428.35031pt x 380.17032pt>
File: AIC3.png Graphic file (type png)
<use AIC3.png>
Package pdftex.def Info: AIC3.png  used on input line 508.
(pdftex.def)             Requested size: 272.99881pt x 242.293pt.
<AIC4.png, id=196, 428.35031pt x 380.17032pt>
File: AIC4.png Graphic file (type png)
<use AIC4.png>
Package pdftex.def Info: AIC4.png  used on input line 514.
(pdftex.def)             Requested size: 272.99881pt x 242.293pt.
<R1.png, id=197, 428.35031pt x 380.17032pt>
File: R1.png Graphic file (type png)
<use R1.png>
Package pdftex.def Info: R1.png  used on input line 520.
(pdftex.def)             Requested size: 272.99881pt x 242.293pt.
<R2.png, id=198, 428.35031pt x 380.17032pt>
File: R2.png Graphic file (type png)
<use R2.png>
Package pdftex.def Info: R2.png  used on input line 526.
(pdftex.def)             Requested size: 272.99881pt x 242.293pt.
<R3.png, id=199, 428.35031pt x 380.17032pt>
File: R3.png Graphic file (type png)
<use R3.png>
Package pdftex.def Info: R3.png  used on input line 532.
(pdftex.def)             Requested size: 272.99881pt x 242.293pt.
<R4.png, id=200, 428.35031pt x 380.17032pt>
File: R4.png Graphic file (type png)
<use R4.png>
Package pdftex.def Info: R4.png  used on input line 538.
(pdftex.def)             Requested size: 272.99881pt x 242.293pt.
) [49 <./AIC1.png> <./AIC2.png>] [50 <./AIC3.png> <./AIC4.png>] [51 <./R1.png> 
<./R2.png>] [52 <./R3.png> <./R4.png>] (UNBThesis2.aux (abstract.aux)
(chapter1.aux) (chapter2.aux) (chapter3.aux) (chapter4.aux) (chapter5.aux)
(appendices2.aux)) ) 
Here is how much of TeX's memory you used:
 8033 strings out of 493305
 112742 string characters out of 3145800
 377638 words of memory out of 3000000
 11377 multiletter control sequences out of 15000+200000
 14697 words of font info for 57 fonts, out of 3000000 for 9000
 1141 hyphenation exceptions out of 8191
 44i,8n,44p,2121b,1865s stack positions out of 5000i,500n,10000p,200000b,50000s
<D:/Programs/fonts/type1/public/amsfonts/cm/cmbx12.pfb><D:/
Programs/fonts/type1/public/amsfonts/cm/cmex10.pfb><D:/Programs/fonts/type1/pub
lic/amsfonts/cm/cmmi10.pfb><D:/Programs/fonts/type1/public/amsfonts/cm/cmmi12.p
fb><D:/Programs/fonts/type1/public/amsfonts/cm/cmmi6.pfb><D:/Programs/fonts/typ
e1/public/amsfonts/cm/cmmi8.pfb><D:/Programs/fonts/type1/public/amsfonts/cm/cmm
ib10.pfb><D:/Programs/fonts/type1/public/amsfonts/cm/cmr10.pfb><D:/Programs/fon
ts/type1/public/amsfonts/cm/cmr12.pfb><D:/Programs/fonts/type1/public/amsfonts/
cm/cmr6.pfb><D:/Programs/fonts/type1/public/amsfonts/cm/cmr7.pfb><D:/Programs/f
onts/type1/public/amsfonts/cm/cmr8.pfb><D:/Programs/fonts/type1/public/amsfonts
/cm/cmsy10.pfb><D:/Programs/fonts/type1/public/amsfonts/cm/cmsy8.pfb><D:/Progra
ms/fonts/type1/public/amsfonts/cm/cmti12.pfb><D:/Programs/fonts/type1/public/am
sfonts/cm/cmtt10.pfb><D:/Programs/fonts/type1/public/amsfonts/cm/cmtt8.pfb>
Output written on UNBThesis2.pdf (56 pages, 369387 bytes).
PDF statistics:
 277 PDF objects out of 1000 (max. 8388607)
 0 named destinations out of 1000 (max. 500000)
 66 words of extra memory for PDF output out of 10000 (max. 10000000)

